<?xml version="1.0" encoding="UTF-8"?>
<testng-results ignored="0" total="2" passed="2" failed="0" skipped="0">
  <reporter-output>
    <line>
      <![CDATA[titles are matching]]>
    </line>
    <line>
      <![CDATA[demo]]>
    </line>
  </reporter-output>
  <suite started-at="2026-01-22T14:30:41 IST" name="Suite" finished-at="2026-01-22T14:30:56 IST" duration-ms="14902">
    <groups>
    </groups>
    <test started-at="2026-01-22T14:30:41 IST" name="ChromeTest" finished-at="2026-01-22T14:30:56 IST" duration-ms="14902">
      <class name="testcase.TC_Login">
        <test-method is-config="true" signature="setup(java.lang.String)[pri:0, instance:testcase.TC_Login@35e2d654]" started-at="2026-01-22T14:30:41 IST" name="setup" finished-at="2026-01-22T14:30:54 IST" duration-ms="13048" status="PASS">
          <params>
            <param index="0">
              <value>
                <![CDATA[CHROME]]>
              </value>
            </param>
          </params>
          <reporter-output>
          </reporter-output>
        </test-method> <!-- setup -->
        <test-method signature="login()[pri:0, instance:testcase.TC_Login@35e2d654]" started-at="2026-01-22T14:30:54 IST" name="login" finished-at="2026-01-22T14:30:55 IST" duration-ms="1607" status="PASS">
          <reporter-output>
            <line>
              <![CDATA[titles are matching]]>
            </line>
          </reporter-output>
        </test-method> <!-- login -->
        <test-method is-config="true" signature="teardown()[pri:0, instance:testcase.TC_Login@35e2d654]" started-at="2026-01-22T14:30:55 IST" name="teardown" finished-at="2026-01-22T14:30:56 IST" duration-ms="174" status="PASS">
          <reporter-output>
          </reporter-output>
        </test-method> <!-- teardown -->
      </class> <!-- testcase.TC_Login -->
      <class name="testcase.TC_Demo">
        <test-method signature="demo()[pri:0, instance:testcase.TC_Demo@130d63be]" started-at="2026-01-22T14:30:56 IST" name="demo" finished-at="2026-01-22T14:30:56 IST" duration-ms="2" status="PASS">
          <reporter-output>
            <line>
              <![CDATA[demo]]>
            </line>
          </reporter-output>
        </test-method> <!-- demo -->
      </class> <!-- testcase.TC_Demo -->
    </test> <!-- ChromeTest -->
  </suite> <!-- Suite -->
</testng-results>
