<?xml version="1.0" encoding="UTF-8"?>
<testng-results ignored="0" total="3" passed="3" failed="0" skipped="0">
  <reporter-output>
    <line>
      <![CDATA[titles are matching]]>
    </line>
    <line>
      <![CDATA[titles are matching]]>
    </line>
    <line>
      <![CDATA[titles are matching]]>
    </line>
  </reporter-output>
  <suite started-at="2026-01-20T13:00:33 IST" name="Suite" finished-at="2026-01-20T13:01:07 IST" duration-ms="33743">
    <groups>
    </groups>
    <test started-at="2026-01-20T13:00:33 IST" name="ChromeTest" finished-at="2026-01-20T13:00:45 IST" duration-ms="12375">
      <class name="testcase.TC_Login">
        <test-method is-config="true" signature="setup(java.lang.String)[pri:0, instance:testcase.TC_Login@6743e411]" started-at="2026-01-20T13:00:33 IST" name="setup" finished-at="2026-01-20T13:00:43 IST" duration-ms="9657" status="PASS">
          <params>
            <param index="0">
              <value>
                <![CDATA[CHROME]]>
              </value>
            </param>
          </params>
          <reporter-output>
          </reporter-output>
        </test-method> <!-- setup -->
        <test-method signature="login()[pri:0, instance:testcase.TC_Login@6743e411]" started-at="2026-01-20T13:00:43 IST" name="login" finished-at="2026-01-20T13:00:45 IST" duration-ms="2372" status="PASS">
          <reporter-output>
            <line>
              <![CDATA[titles are matching]]>
            </line>
          </reporter-output>
        </test-method> <!-- login -->
        <test-method is-config="true" signature="teardown()[pri:0, instance:testcase.TC_Login@6743e411]" started-at="2026-01-20T13:00:45 IST" name="teardown" finished-at="2026-01-20T13:00:45 IST" duration-ms="296" status="PASS">
          <reporter-output>
          </reporter-output>
        </test-method> <!-- teardown -->
      </class> <!-- testcase.TC_Login -->
    </test> <!-- ChromeTest -->
    <test started-at="2026-01-20T13:00:45 IST" name="EdgeTest" finished-at="2026-01-20T13:00:55 IST" duration-ms="9686">
      <class name="testcase.TC_Login">
        <test-method is-config="true" signature="setup(java.lang.String)[pri:0, instance:testcase.TC_Login@24313fcc]" started-at="2026-01-20T13:00:45 IST" name="setup" finished-at="2026-01-20T13:00:54 IST" duration-ms="9020" status="PASS">
          <params>
            <param index="0">
              <value>
                <![CDATA[EDGE]]>
              </value>
            </param>
          </params>
          <reporter-output>
          </reporter-output>
        </test-method> <!-- setup -->
        <test-method signature="login()[pri:0, instance:testcase.TC_Login@24313fcc]" started-at="2026-01-20T13:00:54 IST" name="login" finished-at="2026-01-20T13:00:55 IST" duration-ms="436" status="PASS">
          <reporter-output>
            <line>
              <![CDATA[titles are matching]]>
            </line>
          </reporter-output>
        </test-method> <!-- login -->
        <test-method is-config="true" signature="teardown()[pri:0, instance:testcase.TC_Login@24313fcc]" started-at="2026-01-20T13:00:55 IST" name="teardown" finished-at="2026-01-20T13:00:55 IST" duration-ms="224" status="PASS">
          <reporter-output>
          </reporter-output>
        </test-method> <!-- teardown -->
      </class> <!-- testcase.TC_Login -->
    </test> <!-- EdgeTest -->
    <test started-at="2026-01-20T13:00:55 IST" name="FirefoxTest" finished-at="2026-01-20T13:01:07 IST" duration-ms="11608">
      <class name="testcase.TC_Login">
        <test-method is-config="true" signature="setup(java.lang.String)[pri:0, instance:testcase.TC_Login@77f1baf5]" started-at="2026-01-20T13:00:55 IST" name="setup" finished-at="2026-01-20T13:01:05 IST" duration-ms="10061" status="PASS">
          <params>
            <param index="0">
              <value>
                <![CDATA[FIREFOX]]>
              </value>
            </param>
          </params>
          <reporter-output>
          </reporter-output>
        </test-method> <!-- setup -->
        <test-method signature="login()[pri:0, instance:testcase.TC_Login@77f1baf5]" started-at="2026-01-20T13:01:05 IST" name="login" finished-at="2026-01-20T13:01:05 IST" duration-ms="392" status="PASS">
          <reporter-output>
            <line>
              <![CDATA[titles are matching]]>
            </line>
          </reporter-output>
        </test-method> <!-- login -->
        <test-method is-config="true" signature="teardown()[pri:0, instance:testcase.TC_Login@77f1baf5]" started-at="2026-01-20T13:01:05 IST" name="teardown" finished-at="2026-01-20T13:01:07 IST" duration-ms="1141" status="PASS">
          <reporter-output>
          </reporter-output>
        </test-method> <!-- teardown -->
      </class> <!-- testcase.TC_Login -->
    </test> <!-- FirefoxTest -->
  </suite> <!-- Suite -->
</testng-results>
