<?xml version="1.0" encoding="UTF-8"?>
<!-- Generated by org.testng.reporters.JUnitReportReporter -->
<testsuite hostname="BISHAL-MISHRA" failures="0" tests="3" name="testcase.TC_Login" time="3.200" errors="0" timestamp="2026-01-20T13:01:07 IST" skipped="0">
  <testcase classname="testcase.TC_Login" name="login" time="2.372">
    <system-out>
      <![CDATA[titles are matching]]>
    </system-out>
  </testcase> <!-- login -->
  <testcase classname="testcase.TC_Login" name="login" time="0.392">
    <system-out>
      <![CDATA[titles are matching]]>
    </system-out>
  </testcase> <!-- login -->
  <testcase classname="testcase.TC_Login" name="login" time="0.436">
    <system-out>
      <![CDATA[titles are matching]]>
    </system-out>
  </testcase> <!-- login -->
  <system-out>
    <![CDATA[titles are matching
titles are matching
titles are matching]]>
  </system-out>
</testsuite> <!-- testcase.TC_Login -->
