<?xml version="1.0" encoding="UTF-8"?>
<!-- Generated by org.testng.reporters.JUnitReportReporter -->
<testsuite hostname="BISHAL-MISHRA" failures="0" tests="3" name="testcase.TC_Login" time="2.049" errors="0" timestamp="2026-01-21T10:45:43 IST" skipped="0">
  <testcase classname="testcase.TC_Login" name="login" time="0.331">
    <system-out>
      <![CDATA[titles are matching]]>
    </system-out>
  </testcase> <!-- login -->
  <testcase classname="testcase.TC_Login" name="login" time="1.300">
    <system-out>
      <![CDATA[titles are matching]]>
    </system-out>
  </testcase> <!-- login -->
  <testcase classname="testcase.TC_Login" name="login" time="0.418">
    <system-out>
      <![CDATA[titles are matching]]>
    </system-out>
  </testcase> <!-- login -->
  <system-out>
    <![CDATA[titles are matching
titles are matching
titles are matching]]>
  </system-out>
</testsuite> <!-- testcase.TC_Login -->
