<?xml version="1.0" encoding="UTF-8"?>
<!-- Generated by org.testng.reporters.JUnitReportReporter -->
<testsuite hostname="BISHAL-MISHRA" failures="0" tests="1" name="testcase.TC_Login" time="1.607" errors="0" timestamp="2026-01-22T14:30:56 IST" skipped="0">
  <testcase classname="testcase.TC_Login" name="login" time="1.607">
    <system-out>
      <![CDATA[titles are matching]]>
    </system-out>
  </testcase> <!-- login -->
  <system-out>
    <![CDATA[titles are matching
demo]]>
  </system-out>
</testsuite> <!-- testcase.TC_Login -->
