<?xml version="1.0" encoding="UTF-8"?>
<!-- Generated by org.testng.reporters.JUnitReportReporter -->
<testsuite hostname="BISHAL-MISHRA" failures="0" tests="1" name="testcase.TC_Demo" time="0.002" errors="0" timestamp="2026-01-22T14:30:56 IST" skipped="0">
  <testcase classname="testcase.TC_Demo" name="demo" time="0.002">
    <system-out>
      <![CDATA[demo]]>
    </system-out>
  </testcase> <!-- demo -->
  <system-out>
    <![CDATA[titles are matching
demo]]>
  </system-out>
</testsuite> <!-- testcase.TC_Demo -->
